### ISSUE TITLE
test_sha256 fails on Nios II if CONFIG_DEBUG=y

### ISSUE THREAD

**Issue by nashif** [zephyriot/zep-jira14#510]
**_Reported by Andrew Boie:_**

We had to disable test_sha256 on Nios II for CI runs as the test was not completing within 3 hours. On my local workstation it takes about 60 seconds. It's unclear what the problem is although Javier says he can reproduce the hang on his workstation.

(Imported from Jira ZEP-581)

**Comment by nashif** [comment]
**_by Andrew Boie:_**

If CONFIG_DEBUG=y, the for loop in this test never terminates:

```
uint32_t test_14(void)
{
        uint32_t result = TC_PASS;

        TC_PRINT("SHA256 test #14:\n");
        const uint8_t expected[32] = {
	0x46, 0x1c, 0x19, 0xa9, 0x3b, 0xd4, 0x34, 0x4f, 0x92, 0x15, 0xf5, 0xec,
	0x64, 0x35, 0x70, 0x90, 0x34, 0x2b, 0xc6, 0x6b, 0x15, 0xa1, 0x48, 0x31,
	0x7d, 0x27, 0x6e, 0x31, 0xcb, 0xc2, 0x0b, 0x53
        };
        uint8_t m[32768];
        uint8_t digest[32];
        struct tc_sha256_state_struct s;
        uint32_t i;

        (void)memset(m, 0x00, sizeof(m));

        (void) tc_sha256_init(&s);
        for (i = 0; i < 33280; ++i) {
                tc_sha256_update(&s, m, sizeof(m));
        }
        (void) tc_sha256_final(digest, &s);

        result = check_result(14, expected, sizeof(expected),
			      digest, sizeof(digest), 1);
        TC_END_RESULT(result);
        return result;
}
```
Running under a debugger reveals that i keeps growing past 33280

**Comment by nashif** [comment]
**_by Andrew Boie:_**

This is the for loop in assembly:

```
   0x00417284 <+156>:	f4 ff bf 00	movhi	r2,65535
   0x00417288 <+160>:	04 d3 9f 10	addi	r2,r2,32588
   0x0041728c <+164>:	3a 88 05 17	add	r2,r2,fp
   0x00417290 <+168>:	15 00 00 10	stw	zero,0(r2)
   0x00417294 <+172>:	06 15 00 00	br	0x4172ec <test_14+260>
   0x00417298 <+176>:	f4 ff 3f 01	movhi	r4,65535
   0x0041729c <+180>:	04 dd 1f 21	addi	r4,r4,32628
   0x004172a0 <+184>:	3a 88 07 e1	add	r3,fp,r4
   0x004172a4 <+188>:	14 12 a0 00	movui	r2,32840
   0x004172a8 <+192>:	f4 ff 3f 01	movhi	r4,65535
   0x004172ac <+196>:	04 d3 1f 21	addi	r4,r4,32588
   0x004172b0 <+200>:	3a 88 09 27	add	r4,r4,fp
   0x004172b4 <+204>:	3a 88 85 20	add	r2,r4,r2
   0x004172b8 <+208>:	14 00 a0 01	movui	r6,32768
   0x004172bc <+212>:	3a 88 0b 18	mov	r5,r3
   0x004172c0 <+216>:	3a 88 09 10	mov	r4,r2
   0x004172c4 <+220>:	00 00 1c 04	call	0x41c000 <tc_sha256_update>
   0x004172c8 <+224>:	f4 ff ff 00	movhi	r3,65535
   0x004172cc <+228>:	04 d3 df 18	addi	r3,r3,32588
   0x004172d0 <+232>:	3a 88 07 1f	add	r3,r3,fp
   0x004172d4 <+236>:	17 00 80 18	ldw	r2,0(r3)
   0x004172d8 <+240>:	44 00 80 10	addi	r2,r2,1
   0x004172dc <+244>:	f4 ff 3f 01	movhi	r4,65535
   0x004172e0 <+248>:	04 d3 1f 21	addi	r4,r4,32588
   0x004172e4 <+252>:	3a 88 09 27	add	r4,r4,fp
   0x004172e8 <+256>:	15 00 80 20	stw	r2,0(r4)
   0x004172ec <+260>:	f4 ff ff 00	movhi	r3,65535
   0x004172f0 <+264>:	04 d3 df 18	addi	r3,r3,32588
   0x004172f4 <+268>:	3a 88 07 1f	add	r3,r3,fp
   0x004172f8 <+272>:	17 00 80 18	ldw	r2,0(r3)
=> 0x004172fc <+276>:	30 80 a0 10	cmpltui	r2,r2,33280
   0x00417300 <+280>:	1e e5 3f 10	bne	r2,zero,0x417298
```

**Comment by nashif** [comment]
**_by Andrew Boie:_**

The problem is here:
```
   0x004172ec <+260>:	f4 ff ff 00	movhi	r3,65535
   0x004172f0 <+264>:	04 d3 df 18	addi	r3,r3,32588
   0x004172f4 <+268>:	3a 88 07 1f	add	r3,r3,fp
   0x004172f8 <+272>:	17 00 80 18	ldw	r2,0(r3)
=> 0x004172fc <+276>:	30 80 a0 10	cmpltui	r2,r2,33280
   0x00417300 <+280>:	1e e5 3f 10	bne	r2,zero,0x417298
```

The address of the loop counter i gets loaded into r3 (0x403acc), and that gets dereferenced into r2. r2 contains the value of the loop counter:
```
(gdb) info registers
zero           0x0	0
at             0x0	0
r2             0x8203	33283
r3             0x403acc	4209356
```

The next cmpltui should, since the value in r2 is greater than the immediate value 33280, set r2 to 0. But it doesn't, it sets to 1:
```
(gdb) si
0x00417300	409	        for (i = 0; i < 33280; ++i) {
(gdb) info registers
zero           0x0	0
at             0x0	0
r2             0x1	1
r3             0x403acc	4209356
```

My guess is that the emulator is treating the 16-bit immediate value (33280) as signed and not unsigned, I don't think its a coincidence that we are testing a value greater than 32767.

**Comment by nashif** [comment]
**_by Juro Bystricky:_**

Indeed, there is a bug in emulation of cmpltui (signed/unsigned mismatch)
In addition, there is also an identical bug bug in cmpgeui.
Both will be fixed in SDK 0.8.2

**Comment by nashif** [comment]
**_by Juro Bystricky:_**

Fixed in SDK 0.8.2

**Comment by nashif** [comment]
**_by Sharron LIU:_**

Please reporter verify this.

**Comment by nashif** [comment]
**_by Mark Linkmeyer:_**

_Andrew Boie_ , as the Reporter of this bug we need you to verify it's fixed.  Please verify it ASAP so we know whether or not more work is required before the upcoming 1.5 release.  Thanks!

**Comment by nashif** [comment]
**_by Mark Linkmeyer:_**

Correcting the priority field
